1617634116266	geckodriver	INFO	Listening on 127.0.0.1:52800
1617634117275	mozrunner::runner	INFO	Running command: "/Applications/Firefox.app/Contents/MacOS/firefox-bin" "--marionette" "-headless" "-foreground" "-no-remote" "-profile" "/var/folders/18/_r3wwktj5d35y6wgkx94fynw0000gn/T/rust_mozprofileOxSl24"
*** You are running in headless mode.
console.warn: SearchSettings: "get: No settings file exists, new profile?" (new Error("", "(unknown module)"))
1617634119875	Marionette	INFO	Listening on port 52817
1617634119911	Marionette	WARN	TLS certificate errors will be ignored for this session
1617634120465	Marionette	INFO	Stopped listening on port 52817
1617634122437	geckodriver	INFO	Listening on 127.0.0.1:52870
1617634123451	mozrunner::runner	INFO	Running command: "/Applications/Firefox.app/Contents/MacOS/firefox-bin" "--marionette" "-headless" "-foreground" "-no-remote" "-profile" "/var/folders/18/_r3wwktj5d35y6wgkx94fynw0000gn/T/rust_mozprofileJFH6fv"
*** You are running in headless mode.
console.warn: SearchSettings: "get: No settings file exists, new profile?" (new Error("", "(unknown module)"))
1617634125630	Marionette	INFO	Listening on port 52886
1617634125665	Marionette	WARN	TLS certificate errors will be ignored for this session
1617634126300	Marionette	INFO	Stopped listening on port 52886
console.error: services.settings: 
  main/fxmonitor-breaches Signature failed  TypeError: NetworkError when attempting to fetch resource.
1617634126803	geckodriver	INFO	Listening on 127.0.0.1:52935
1617634127812	mozrunner::runner	INFO	Running command: "/Applications/Firefox.app/Contents/MacOS/firefox-bin" "--marionette" "-headless" "-foreground" "-no-remote" "-profile" "/var/folders/18/_r3wwktj5d35y6wgkx94fynw0000gn/T/rust_mozprofilem4UUlx"
*** You are running in headless mode.
console.warn: SearchSettings: "get: No settings file exists, new profile?" (new Error("", "(unknown module)"))
1617634130016	Marionette	INFO	Listening on port 52951
1617634130098	Marionette	WARN	TLS certificate errors will be ignored for this session
1617634130451	Marionette	INFO	Stopped listening on port 52951
console.error: services.settings: 
  main/whats-new-panel Signature failed  TypeError: NetworkError when attempting to fetch resource.
1617634130958	geckodriver	INFO	Listening on 127.0.0.1:52999
1617634131974	mozrunner::runner	INFO	Running command: "/Applications/Firefox.app/Contents/MacOS/firefox-bin" "--marionette" "-headless" "-foreground" "-no-remote" "-profile" "/var/folders/18/_r3wwktj5d35y6wgkx94fynw0000gn/T/rust_mozprofilepSmqI0"
*** You are running in headless mode.
console.warn: SearchSettings: "get: No settings file exists, new profile?" (new Error("", "(unknown module)"))
1617634134381	Marionette	INFO	Listening on port 53015
1617634134500	Marionette	WARN	TLS certificate errors will be ignored for this session
1617634134834	Marionette	INFO	Stopped listening on port 53015
1617634135344	geckodriver	INFO	Listening on 127.0.0.1:53066
1617634136356	mozrunner::runner	INFO	Running command: "/Applications/Firefox.app/Contents/MacOS/firefox-bin" "--marionette" "-headless" "-foreground" "-no-remote" "-profile" "/var/folders/18/_r3wwktj5d35y6wgkx94fynw0000gn/T/rust_mozprofileVr09ds"
*** You are running in headless mode.
console.warn: SearchSettings: "get: No settings file exists, new profile?" (new Error("", "(unknown module)"))
1617634138720	Marionette	INFO	Listening on port 53074
1617634138781	Marionette	WARN	TLS certificate errors will be ignored for this session
1617634139379	Marionette	INFO	Stopped listening on port 53074
1617634139888	geckodriver	INFO	Listening on 127.0.0.1:53124
1617634140906	mozrunner::runner	INFO	Running command: "/Applications/Firefox.app/Contents/MacOS/firefox-bin" "--marionette" "-headless" "-foreground" "-no-remote" "-profile" "/var/folders/18/_r3wwktj5d35y6wgkx94fynw0000gn/T/rust_mozprofileAKExBx"
*** You are running in headless mode.
console.warn: SearchSettings: "get: No settings file exists, new profile?" (new Error("", "(unknown module)"))
1617634143082	Marionette	INFO	Listening on port 53132
1617634143116	Marionette	WARN	TLS certificate errors will be ignored for this session
1617634144004	Marionette	INFO	Stopped listening on port 53132
1617634144570	geckodriver	INFO	Listening on 127.0.0.1:53190
1617634145580	mozrunner::runner	INFO	Running command: "/Applications/Firefox.app/Contents/MacOS/firefox-bin" "--marionette" "-headless" "-foreground" "-no-remote" "-profile" "/var/folders/18/_r3wwktj5d35y6wgkx94fynw0000gn/T/rust_mozprofileT1spqG"
*** You are running in headless mode.
console.warn: SearchSettings: "get: No settings file exists, new profile?" (new Error("", "(unknown module)"))
1617634147850	Marionette	INFO	Listening on port 53198
1617634147896	Marionette	WARN	TLS certificate errors will be ignored for this session
1617634148877	Marionette	INFO	Stopped listening on port 53198
1617634149382	geckodriver	INFO	Listening on 127.0.0.1:53260
1617634150396	mozrunner::runner	INFO	Running command: "/Applications/Firefox.app/Contents/MacOS/firefox-bin" "--marionette" "-headless" "-foreground" "-no-remote" "-profile" "/var/folders/18/_r3wwktj5d35y6wgkx94fynw0000gn/T/rust_mozprofile9VZiy6"
*** You are running in headless mode.
console.warn: SearchSettings: "get: No settings file exists, new profile?" (new Error("", "(unknown module)"))
1617634152669	Marionette	INFO	Listening on port 53268
1617634152732	Marionette	WARN	TLS certificate errors will be ignored for this session
1617634153996	Marionette	INFO	Stopped listening on port 53268
1617634154505	geckodriver	INFO	Listening on 127.0.0.1:53329
1617634155521	mozrunner::runner	INFO	Running command: "/Applications/Firefox.app/Contents/MacOS/firefox-bin" "--marionette" "-headless" "-foreground" "-no-remote" "-profile" "/var/folders/18/_r3wwktj5d35y6wgkx94fynw0000gn/T/rust_mozprofilegjqKJ6"
*** You are running in headless mode.
console.warn: SearchSettings: "get: No settings file exists, new profile?" (new Error("", "(unknown module)"))
1617634157728	Marionette	INFO	Listening on port 53337
1617634157834	Marionette	WARN	TLS certificate errors will be ignored for this session
1617634158556	Marionette	INFO	Stopped listening on port 53337
1617634159079	geckodriver	INFO	Listening on 127.0.0.1:53389
1617634160095	mozrunner::runner	INFO	Running command: "/Applications/Firefox.app/Contents/MacOS/firefox-bin" "--marionette" "-headless" "-foreground" "-no-remote" "-profile" "/var/folders/18/_r3wwktj5d35y6wgkx94fynw0000gn/T/rust_mozprofile7NDrQt"
*** You are running in headless mode.
console.warn: SearchSettings: "get: No settings file exists, new profile?" (new Error("", "(unknown module)"))
1617634162260	Marionette	INFO	Listening on port 53398
1617634162301	Marionette	WARN	TLS certificate errors will be ignored for this session
1617634162913	Marionette	INFO	Stopped listening on port 53398
1617634163417	geckodriver	INFO	Listening on 127.0.0.1:53447
1617634164430	mozrunner::runner	INFO	Running command: "/Applications/Firefox.app/Contents/MacOS/firefox-bin" "--marionette" "-headless" "-foreground" "-no-remote" "-profile" "/var/folders/18/_r3wwktj5d35y6wgkx94fynw0000gn/T/rust_mozprofilepo18yh"
*** You are running in headless mode.
console.warn: SearchSettings: "get: No settings file exists, new profile?" (new Error("", "(unknown module)"))
1617634166631	Marionette	INFO	Listening on port 53455
1617634166726	Marionette	WARN	TLS certificate errors will be ignored for this session
1617634167228	Marionette	INFO	Stopped listening on port 53455
1617634167775	geckodriver	INFO	Listening on 127.0.0.1:53505
1617634168791	mozrunner::runner	INFO	Running command: "/Applications/Firefox.app/Contents/MacOS/firefox-bin" "--marionette" "-headless" "-foreground" "-no-remote" "-profile" "/var/folders/18/_r3wwktj5d35y6wgkx94fynw0000gn/T/rust_mozprofileFd4ev7"
*** You are running in headless mode.
console.warn: SearchSettings: "get: No settings file exists, new profile?" (new Error("", "(unknown module)"))
1617634171026	Marionette	INFO	Listening on port 53513
1617634171092	Marionette	WARN	TLS certificate errors will be ignored for this session
1617634171595	Marionette	INFO	Stopped listening on port 53513
1617634172102	geckodriver	INFO	Listening on 127.0.0.1:53563
1617634173121	mozrunner::runner	INFO	Running command: "/Applications/Firefox.app/Contents/MacOS/firefox-bin" "--marionette" "-headless" "-foreground" "-no-remote" "-profile" "/var/folders/18/_r3wwktj5d35y6wgkx94fynw0000gn/T/rust_mozprofilemPmmns"
*** You are running in headless mode.
console.warn: SearchSettings: "get: No settings file exists, new profile?" (new Error("", "(unknown module)"))
1617634175295	Marionette	INFO	Listening on port 53571
1617634175318	Marionette	WARN	TLS certificate errors will be ignored for this session
1617634175923	Marionette	INFO	Stopped listening on port 53571
console.error: services.settings: 
  main/message-groups Signature failed  TypeError: NetworkError when attempting to fetch resource.
console.error: services.settings: 
  main/fxmonitor-breaches Signature failed  TypeError: NetworkError when attempting to fetch resource.
console.error: Region.jsm: "Error fetching region" (new TypeError("NetworkError when attempting to fetch resource.", ""))
console.error: Region.jsm: "Failed to fetch region" (new Error("NO_RESULT", "resource://gre/modules/Region.jsm", 419))
1617634176431	geckodriver	INFO	Listening on 127.0.0.1:53617
1617634177448	mozrunner::runner	INFO	Running command: "/Applications/Firefox.app/Contents/MacOS/firefox-bin" "--marionette" "-headless" "-foreground" "-no-remote" "-profile" "/var/folders/18/_r3wwktj5d35y6wgkx94fynw0000gn/T/rust_mozprofile0AieSs"
*** You are running in headless mode.
console.warn: SearchSettings: "get: No settings file exists, new profile?" (new Error("", "(unknown module)"))
1617634179707	Marionette	INFO	Listening on port 53625
1617634179763	Marionette	WARN	TLS certificate errors will be ignored for this session
1617634180592	Marionette	INFO	Stopped listening on port 53625
1617634181112	geckodriver	INFO	Listening on 127.0.0.1:53679
1617634182129	mozrunner::runner	INFO	Running command: "/Applications/Firefox.app/Contents/MacOS/firefox-bin" "--marionette" "-headless" "-foreground" "-no-remote" "-profile" "/var/folders/18/_r3wwktj5d35y6wgkx94fynw0000gn/T/rust_mozprofileApTPje"
*** You are running in headless mode.
console.warn: SearchSettings: "get: No settings file exists, new profile?" (new Error("", "(unknown module)"))
1617634184352	Marionette	INFO	Listening on port 53687
1617634184432	Marionette	WARN	TLS certificate errors will be ignored for this session
1617634185355	Marionette	INFO	Stopped listening on port 53687
1617634185874	geckodriver	INFO	Listening on 127.0.0.1:53745
1617634186888	mozrunner::runner	INFO	Running command: "/Applications/Firefox.app/Contents/MacOS/firefox-bin" "--marionette" "-headless" "-foreground" "-no-remote" "-profile" "/var/folders/18/_r3wwktj5d35y6wgkx94fynw0000gn/T/rust_mozprofileCjjHCO"
*** You are running in headless mode.
console.warn: SearchSettings: "get: No settings file exists, new profile?" (new Error("", "(unknown module)"))
1617634189199	Marionette	INFO	Listening on port 53753
1617634189328	Marionette	WARN	TLS certificate errors will be ignored for this session
1617634190329	Marionette	INFO	Stopped listening on port 53753
1617634190830	geckodriver	INFO	Listening on 127.0.0.1:53802
1617634191846	mozrunner::runner	INFO	Running command: "/Applications/Firefox.app/Contents/MacOS/firefox-bin" "--marionette" "-headless" "-foreground" "-no-remote" "-profile" "/var/folders/18/_r3wwktj5d35y6wgkx94fynw0000gn/T/rust_mozprofilefOMiki"
*** You are running in headless mode.
console.warn: SearchSettings: "get: No settings file exists, new profile?" (new Error("", "(unknown module)"))
1617634194119	Marionette	INFO	Listening on port 53810
1617634194161	Marionette	WARN	TLS certificate errors will be ignored for this session
1617634194982	Marionette	INFO	Stopped listening on port 53810
1617634195488	geckodriver	INFO	Listening on 127.0.0.1:53864
1617634196505	mozrunner::runner	INFO	Running command: "/Applications/Firefox.app/Contents/MacOS/firefox-bin" "--marionette" "-headless" "-foreground" "-no-remote" "-profile" "/var/folders/18/_r3wwktj5d35y6wgkx94fynw0000gn/T/rust_mozprofilerSSy3h"
*** You are running in headless mode.
console.warn: SearchSettings: "get: No settings file exists, new profile?" (new Error("", "(unknown module)"))
1617634198804	Marionette	INFO	Listening on port 53872
1617634198920	Marionette	WARN	TLS certificate errors will be ignored for this session
1617634199766	Marionette	INFO	Stopped listening on port 53872
1617634200308	geckodriver	INFO	Listening on 127.0.0.1:53930
1617634201326	mozrunner::runner	INFO	Running command: "/Applications/Firefox.app/Contents/MacOS/firefox-bin" "--marionette" "-headless" "-foreground" "-no-remote" "-profile" "/var/folders/18/_r3wwktj5d35y6wgkx94fynw0000gn/T/rust_mozprofileLCDBEj"
*** You are running in headless mode.
console.warn: SearchSettings: "get: No settings file exists, new profile?" (new Error("", "(unknown module)"))
1617634203602	Marionette	INFO	Listening on port 53938
1617634203646	Marionette	WARN	TLS certificate errors will be ignored for this session
1617634204360	Marionette	INFO	Stopped listening on port 53938
console.error: services.settings: 
  main/partitioning-exempt-urls Signature failed  TypeError: NetworkError when attempting to fetch resource.
1617634204876	geckodriver	INFO	Listening on 127.0.0.1:53989
1617634205892	mozrunner::runner	INFO	Running command: "/Applications/Firefox.app/Contents/MacOS/firefox-bin" "--marionette" "-headless" "-foreground" "-no-remote" "-profile" "/var/folders/18/_r3wwktj5d35y6wgkx94fynw0000gn/T/rust_mozprofile7YkCDt"
*** You are running in headless mode.
console.warn: SearchSettings: "get: No settings file exists, new profile?" (new Error("", "(unknown module)"))
1617634208104	Marionette	INFO	Listening on port 53997
1617634208209	Marionette	WARN	TLS certificate errors will be ignored for this session
1617634208616	Marionette	INFO	Stopped listening on port 53997
1617634209126	geckodriver	INFO	Listening on 127.0.0.1:54048
1617634210141	mozrunner::runner	INFO	Running command: "/Applications/Firefox.app/Contents/MacOS/firefox-bin" "--marionette" "-headless" "-foreground" "-no-remote" "-profile" "/var/folders/18/_r3wwktj5d35y6wgkx94fynw0000gn/T/rust_mozprofileOa9K7v"
*** You are running in headless mode.
console.warn: SearchSettings: "get: No settings file exists, new profile?" (new Error("", "(unknown module)"))
1617634212405	Marionette	INFO	Listening on port 54056
1617634212449	Marionette	WARN	TLS certificate errors will be ignored for this session
1617634212933	Marionette	INFO	Stopped listening on port 54056
1617634213433	geckodriver	INFO	Listening on 127.0.0.1:54107
1617634214449	mozrunner::runner	INFO	Running command: "/Applications/Firefox.app/Contents/MacOS/firefox-bin" "--marionette" "-headless" "-foreground" "-no-remote" "-profile" "/var/folders/18/_r3wwktj5d35y6wgkx94fynw0000gn/T/rust_mozprofiletLrr2v"
*** You are running in headless mode.
console.warn: SearchSettings: "get: No settings file exists, new profile?" (new Error("", "(unknown module)"))
1617634216733	Marionette	INFO	Listening on port 54115
1617634216754	Marionette	WARN	TLS certificate errors will be ignored for this session
1617634217373	Marionette	INFO	Stopped listening on port 54115
console.error: services.settings: 
  main/cfr Signature failed  TypeError: NetworkError when attempting to fetch resource.
1617634217878	geckodriver	INFO	Listening on 127.0.0.1:54164
1617634218895	mozrunner::runner	INFO	Running command: "/Applications/Firefox.app/Contents/MacOS/firefox-bin" "--marionette" "-headless" "-foreground" "-no-remote" "-profile" "/var/folders/18/_r3wwktj5d35y6wgkx94fynw0000gn/T/rust_mozprofilenE08ss"
*** You are running in headless mode.
console.warn: SearchSettings: "get: No settings file exists, new profile?" (new Error("", "(unknown module)"))
1617634221074	Marionette	INFO	Listening on port 54172
1617634221115	Marionette	WARN	TLS certificate errors will be ignored for this session
1617634221559	Marionette	INFO	Stopped listening on port 54172
1617634222071	geckodriver	INFO	Listening on 127.0.0.1:54219
1617634223086	mozrunner::runner	INFO	Running command: "/Applications/Firefox.app/Contents/MacOS/firefox-bin" "--marionette" "-headless" "-foreground" "-no-remote" "-profile" "/var/folders/18/_r3wwktj5d35y6wgkx94fynw0000gn/T/rust_mozprofileJIDGdK"
*** You are running in headless mode.
console.warn: SearchSettings: "get: No settings file exists, new profile?" (new Error("", "(unknown module)"))
1617634225410	Marionette	INFO	Listening on port 54227
1617634225495	Marionette	WARN	TLS certificate errors will be ignored for this session
1617634225949	Marionette	INFO	Stopped listening on port 54227
1617634226482	geckodriver	INFO	Listening on 127.0.0.1:54279
1617634227496	mozrunner::runner	INFO	Running command: "/Applications/Firefox.app/Contents/MacOS/firefox-bin" "--marionette" "-headless" "-foreground" "-no-remote" "-profile" "/var/folders/18/_r3wwktj5d35y6wgkx94fynw0000gn/T/rust_mozprofile5a6hxn"
*** You are running in headless mode.
console.warn: SearchSettings: "get: No settings file exists, new profile?" (new Error("", "(unknown module)"))
1617634230142	Marionette	INFO	Listening on port 54287
1617634230221	Marionette	WARN	TLS certificate errors will be ignored for this session
1617634230810	Marionette	INFO	Stopped listening on port 54287
console.error: services.settings: 
  main/partitioning-exempt-urls Signature failed  TypeError: NetworkError when attempting to fetch resource.
1617634231339	geckodriver	INFO	Listening on 127.0.0.1:54342
1617634232351	mozrunner::runner	INFO	Running command: "/Applications/Firefox.app/Contents/MacOS/firefox-bin" "--marionette" "-headless" "-foreground" "-no-remote" "-profile" "/var/folders/18/_r3wwktj5d35y6wgkx94fynw0000gn/T/rust_mozprofileDScJdD"
*** You are running in headless mode.
console.warn: SearchSettings: "get: No settings file exists, new profile?" (new Error("", "(unknown module)"))
1617634234914	Marionette	INFO	Listening on port 54350
1617634234967	Marionette	WARN	TLS certificate errors will be ignored for this session
1617634235637	Marionette	INFO	Stopped listening on port 54350
console.warn: services.settings: main/cfr sync interrupted by shutdown
1617634236155	geckodriver	INFO	Listening on 127.0.0.1:54406
1617634237169	mozrunner::runner	INFO	Running command: "/Applications/Firefox.app/Contents/MacOS/firefox-bin" "--marionette" "-headless" "-foreground" "-no-remote" "-profile" "/var/folders/18/_r3wwktj5d35y6wgkx94fynw0000gn/T/rust_mozprofilebKuMAU"
*** You are running in headless mode.
console.warn: SearchSettings: "get: No settings file exists, new profile?" (new Error("", "(unknown module)"))
1617634239508	Marionette	INFO	Listening on port 54414
1617634239602	Marionette	WARN	TLS certificate errors will be ignored for this session
1617634240386	Marionette	INFO	Stopped listening on port 54414
1617634241100	geckodriver	INFO	Listening on 127.0.0.1:54464
1617634242114	mozrunner::runner	INFO	Running command: "/Applications/Firefox.app/Contents/MacOS/firefox-bin" "--marionette" "-headless" "-foreground" "-no-remote" "-profile" "/var/folders/18/_r3wwktj5d35y6wgkx94fynw0000gn/T/rust_mozprofileAkRmcU"
*** You are running in headless mode.
console.warn: SearchSettings: "get: No settings file exists, new profile?" (new Error("", "(unknown module)"))
1617634244322	Marionette	INFO	Listening on port 54472
1617634244421	Marionette	WARN	TLS certificate errors will be ignored for this session
1617634244885	Marionette	INFO	Stopped listening on port 54472
1617634245397	geckodriver	INFO	Listening on 127.0.0.1:54525
1617634246408	mozrunner::runner	INFO	Running command: "/Applications/Firefox.app/Contents/MacOS/firefox-bin" "--marionette" "-headless" "-foreground" "-no-remote" "-profile" "/var/folders/18/_r3wwktj5d35y6wgkx94fynw0000gn/T/rust_mozprofile66J2Rt"
*** You are running in headless mode.
console.warn: SearchSettings: "get: No settings file exists, new profile?" (new Error("", "(unknown module)"))
1617634248682	Marionette	INFO	Listening on port 54534
1617634248726	Marionette	WARN	TLS certificate errors will be ignored for this session
1617634249172	Marionette	INFO	Stopped listening on port 54534
1617634249690	geckodriver	INFO	Listening on 127.0.0.1:54585
1617634250701	mozrunner::runner	INFO	Running command: "/Applications/Firefox.app/Contents/MacOS/firefox-bin" "--marionette" "-headless" "-foreground" "-no-remote" "-profile" "/var/folders/18/_r3wwktj5d35y6wgkx94fynw0000gn/T/rust_mozprofileY3U5jV"
*** You are running in headless mode.
console.warn: SearchSettings: "get: No settings file exists, new profile?" (new Error("", "(unknown module)"))
1617634252866	Marionette	INFO	Listening on port 54593
1617634252904	Marionette	WARN	TLS certificate errors will be ignored for this session
1617634256585	Marionette	INFO	Stopped listening on port 54593
1617634257133	geckodriver	INFO	Listening on 127.0.0.1:54659
1617634258148	mozrunner::runner	INFO	Running command: "/Applications/Firefox.app/Contents/MacOS/firefox-bin" "--marionette" "-headless" "-foreground" "-no-remote" "-profile" "/var/folders/18/_r3wwktj5d35y6wgkx94fynw0000gn/T/rust_mozprofileTMHYJs"
*** You are running in headless mode.
console.warn: SearchSettings: "get: No settings file exists, new profile?" (new Error("", "(unknown module)"))
1617634260335	Marionette	INFO	Listening on port 54667
1617634260361	Marionette	WARN	TLS certificate errors will be ignored for this session
1617634261303	Marionette	INFO	Stopped listening on port 54667
1617634261848	geckodriver	INFO	Listening on 127.0.0.1:54732
1617634262862	mozrunner::runner	INFO	Running command: "/Applications/Firefox.app/Contents/MacOS/firefox-bin" "--marionette" "-headless" "-foreground" "-no-remote" "-profile" "/var/folders/18/_r3wwktj5d35y6wgkx94fynw0000gn/T/rust_mozprofileyuJkLp"
*** You are running in headless mode.
console.warn: SearchSettings: "get: No settings file exists, new profile?" (new Error("", "(unknown module)"))
1617634264984	Marionette	INFO	Listening on port 54740
1617634265084	Marionette	WARN	TLS certificate errors will be ignored for this session
1617634268537	Marionette	INFO	Stopped listening on port 54740
1617634269042	geckodriver	INFO	Listening on 127.0.0.1:54806
1617634270056	mozrunner::runner	INFO	Running command: "/Applications/Firefox.app/Contents/MacOS/firefox-bin" "--marionette" "-headless" "-foreground" "-no-remote" "-profile" "/var/folders/18/_r3wwktj5d35y6wgkx94fynw0000gn/T/rust_mozprofileLlGLVx"
*** You are running in headless mode.
console.warn: SearchSettings: "get: No settings file exists, new profile?" (new Error("", "(unknown module)"))
1617634272229	Marionette	INFO	Listening on port 54814
1617634272352	Marionette	WARN	TLS certificate errors will be ignored for this session
1617634273358	Marionette	INFO	Stopped listening on port 54814
JavaScript error: chrome://global/content/elements/browser-custom-element.js, line 1709: NotFoundError: No such JSWindowActor 'MarionetteEvents'
1617634273928	geckodriver	INFO	Listening on 127.0.0.1:54885
1617634274939	mozrunner::runner	INFO	Running command: "/Applications/Firefox.app/Contents/MacOS/firefox-bin" "--marionette" "-headless" "-foreground" "-no-remote" "-profile" "/var/folders/18/_r3wwktj5d35y6wgkx94fynw0000gn/T/rust_mozprofilevtQFpr"
*** You are running in headless mode.
console.warn: SearchSettings: "get: No settings file exists, new profile?" (new Error("", "(unknown module)"))
1617634277217	Marionette	INFO	Listening on port 54893
1617634277252	Marionette	WARN	TLS certificate errors will be ignored for this session
1617634278268	Marionette	INFO	Stopped listening on port 54893
1617634278798	geckodriver	INFO	Listening on 127.0.0.1:54962
1617634279817	mozrunner::runner	INFO	Running command: "/Applications/Firefox.app/Contents/MacOS/firefox-bin" "--marionette" "-headless" "-foreground" "-no-remote" "-profile" "/var/folders/18/_r3wwktj5d35y6wgkx94fynw0000gn/T/rust_mozprofilewTAZ9n"
*** You are running in headless mode.
console.warn: SearchSettings: "get: No settings file exists, new profile?" (new Error("", "(unknown module)"))
1617634281983	Marionette	INFO	Listening on port 54970
1617634282026	Marionette	WARN	TLS certificate errors will be ignored for this session
1617634283296	Marionette	INFO	Stopped listening on port 54970
1617634283847	geckodriver	INFO	Listening on 127.0.0.1:55038
1617634284862	mozrunner::runner	INFO	Running command: "/Applications/Firefox.app/Contents/MacOS/firefox-bin" "--marionette" "-headless" "-foreground" "-no-remote" "-profile" "/var/folders/18/_r3wwktj5d35y6wgkx94fynw0000gn/T/rust_mozprofiley7GM1z"
*** You are running in headless mode.
console.warn: SearchSettings: "get: No settings file exists, new profile?" (new Error("", "(unknown module)"))
1617634287157	Marionette	INFO	Listening on port 55046
1617634287181	Marionette	WARN	TLS certificate errors will be ignored for this session
1617634288972	Marionette	INFO	Stopped listening on port 55046
